<?xml version="1.0" encoding="UTF-8"?>
<coverage generated="1741279965202" clover="3.2.0">
  <project timestamp="1741279965202" name="All files">
    <metrics statements="49" coveredstatements="23" conditionals="14" coveredconditionals="6" methods="10" coveredmethods="5" elements="73" coveredelements="34" complexity="0" loc="49" ncloc="49" packages="4" files="6" classes="6"/>
    <package name="src">
      <metrics statements="2" coveredstatements="2" conditionals="0" coveredconditionals="0" methods="0" coveredmethods="0"/>
      <file name="config.js" path="/Users/mz/Documents/GitHub/rehab-aid/frontend/src/config.js">
        <metrics statements="2" coveredstatements="2" conditionals="0" coveredconditionals="0" methods="0" coveredmethods="0"/>
        <line num="1" count="1" type="stmt"/>
        <line num="2" count="1" type="stmt"/>
      </file>
    </package>
    <package name="src.components.services">
      <metrics statements="3" coveredstatements="3" conditionals="0" coveredconditionals="0" methods="1" coveredmethods="1"/>
      <file name="ServiceCard.jsx" path="/Users/mz/Documents/GitHub/rehab-aid/frontend/src/components/services/ServiceCard.jsx">
        <metrics statements="3" coveredstatements="3" conditionals="0" coveredconditionals="0" methods="1" coveredmethods="1"/>
        <line num="5" count="1" type="stmt"/>
        <line num="6" count="2" type="stmt"/>
        <line num="8" count="2" type="stmt"/>
      </file>
    </package>
    <package name="src.context">
      <metrics statements="15" coveredstatements="4" conditionals="10" coveredconditionals="5" methods="3" coveredmethods="0"/>
      <file name="AuthContext.jsx" path="/Users/mz/Documents/GitHub/rehab-aid/frontend/src/context/AuthContext.jsx">
        <metrics statements="15" coveredstatements="4" conditionals="10" coveredconditionals="5" methods="3" coveredmethods="0"/>
        <line num="3" count="1" type="stmt"/>
        <line num="9" count="1" type="stmt"/>
        <line num="11" count="1" type="stmt"/>
        <line num="12" count="0" type="cond" truecount="0" falsecount="4"/>
        <line num="14" count="0" type="stmt"/>
        <line num="21" count="0" type="stmt"/>
        <line num="28" count="0" type="stmt"/>
        <line num="35" count="0" type="stmt"/>
        <line num="39" count="1" type="stmt"/>
        <line num="40" count="0" type="stmt"/>
        <line num="42" count="0" type="stmt"/>
        <line num="43" count="0" type="stmt"/>
        <line num="44" count="0" type="stmt"/>
        <line num="45" count="0" type="stmt"/>
        <line num="48" count="0" type="stmt"/>
      </file>
    </package>
    <package name="src.pages">
      <metrics statements="29" coveredstatements="14" conditionals="4" coveredconditionals="1" methods="6" coveredmethods="4"/>
      <file name="Contact.jsx" path="/Users/mz/Documents/GitHub/rehab-aid/frontend/src/pages/Contact.jsx">
        <metrics statements="3" coveredstatements="3" conditionals="0" coveredconditionals="0" methods="1" coveredmethods="1"/>
        <line num="2" count="1" type="stmt"/>
        <line num="4" count="1" type="stmt"/>
        <line num="5" count="1" type="stmt"/>
      </file>
      <file name="Login.jsx" path="/Users/mz/Documents/GitHub/rehab-aid/frontend/src/pages/Login.jsx">
        <metrics statements="23" coveredstatements="8" conditionals="4" coveredconditionals="1" methods="3" coveredmethods="1"/>
        <line num="9" count="1" type="stmt"/>
        <line num="10" count="1" type="stmt"/>
        <line num="15" count="1" type="stmt"/>
        <line num="16" count="1" type="stmt"/>
        <line num="17" count="1" type="stmt"/>
        <line num="19" count="1" type="stmt"/>
        <line num="20" count="0" type="stmt"/>
        <line num="23" count="1" type="stmt"/>
        <line num="24" count="0" type="stmt"/>
        <line num="25" count="0" type="stmt"/>
        <line num="27" count="0" type="stmt"/>
        <line num="28" count="0" type="stmt"/>
        <line num="36" count="0" type="stmt"/>
        <line num="38" count="0" type="cond" truecount="0" falsecount="2"/>
        <line num="39" count="0" type="stmt"/>
        <line num="42" count="0" type="stmt"/>
        <line num="51" count="0" type="stmt"/>
        <line num="53" count="0" type="stmt"/>
        <line num="54" count="0" type="stmt"/>
        <line num="55" count="0" type="stmt"/>
        <line num="57" count="0" type="stmt"/>
        <line num="58" count="0" type="stmt"/>
        <line num="62" count="1" type="stmt"/>
      </file>
      <file name="Services.jsx" path="/Users/mz/Documents/GitHub/rehab-aid/frontend/src/pages/Services.jsx">
        <metrics statements="3" coveredstatements="3" conditionals="0" coveredconditionals="0" methods="2" coveredmethods="2"/>
        <line num="5" count="1" type="stmt"/>
        <line num="6" count="1" type="stmt"/>
        <line num="11" count="2" type="stmt"/>
      </file>
    </package>
  </project>
</coverage>
