{"/Users/mz/Documents/GitHub/rehab-aid/frontend/src/config.js": {"path":"/Users/mz/Documents/GitHub/rehab-aid/frontend/src/config.js","statementMap":{"0":{"start":{"line":1,"column":24},"end":{"line":1,"column":54}},"1":{"start":{"line":2,"column":21},"end":{"line":2,"column":50}}},"fnMap":{},"branchMap":{},"s":{"0":1,"1":1},"f":{},"b":{},"_coverageSchema":"1a1c01bbd47fc00a2c39e90264f33305004495a9","hash":"9cb66ac38c233d8603840cb48598bafb46fe5862"}
,"/Users/mz/Documents/GitHub/rehab-aid/frontend/src/components/services/ServiceCard.jsx": {"path":"/Users/mz/Documents/GitHub/rehab-aid/frontend/src/components/services/ServiceCard.jsx","statementMap":{"0":{"start":{"line":5,"column":20},"end":{"line":39,"column":1}},"1":{"start":{"line":6,"column":45},"end":{"line":6,"column":49}},"2":{"start":{"line":8,"column":2},"end":{"line":38,"column":4}}},"fnMap":{"0":{"name":"(anonymous_0)","decl":{"start":{"line":5,"column":20},"end":{"line":5,"column":21}},"loc":{"start":{"line":5,"column":41},"end":{"line":39,"column":1}},"line":5}},"branchMap":{},"s":{"0":1,"1":2,"2":2},"f":{"0":2},"b":{},"_coverageSchema":"1a1c01bbd47fc00a2c39e90264f33305004495a9","hash":"aa5204ff3242643ab5e35db1a7c1da913d5d87fc"}
,"/Users/mz/Documents/GitHub/rehab-aid/frontend/src/context/AuthContext.jsx": {"path":"/Users/mz/Documents/GitHub/rehab-aid/frontend/src/context/AuthContext.jsx","statementMap":{"0":{"start":{"line":3,"column":21},"end":{"line":7,"column":1}},"1":{"start":{"line":9,"column":27},"end":{"line":9,"column":54}},"2":{"start":{"line":11,"column":20},"end":{"line":37,"column":1}},"3":{"start":{"line":12,"column":2},"end":{"line":36,"column":3}},"4":{"start":{"line":14,"column":6},"end":{"line":18,"column":8}},"5":{"start":{"line":21,"column":6},"end":{"line":25,"column":8}},"6":{"start":{"line":28,"column":6},"end":{"line":32,"column":8}},"7":{"start":{"line":35,"column":6},"end":{"line":35,"column":19}},"8":{"start":{"line":39,"column":35},"end":{"line":60,"column":1}},"9":{"start":{"line":40,"column":28},"end":{"line":40,"column":65}},"10":{"start":{"line":42,"column":2},"end":{"line":46,"column":14}},"11":{"start":{"line":43,"column":4},"end":{"line":43,"column":61}},"12":{"start":{"line":44,"column":4},"end":{"line":44,"column":47}},"13":{"start":{"line":45,"column":4},"end":{"line":45,"column":45}},"14":{"start":{"line":48,"column":2},"end":{"line":59,"column":4}}},"fnMap":{"0":{"name":"(anonymous_0)","decl":{"start":{"line":11,"column":20},"end":{"line":11,"column":21}},"loc":{"start":{"line":11,"column":39},"end":{"line":37,"column":1}},"line":11},"1":{"name":"(anonymous_1)","decl":{"start":{"line":39,"column":35},"end":{"line":39,"column":36}},"loc":{"start":{"line":39,"column":53},"end":{"line":60,"column":1}},"line":39},"2":{"name":"(anonymous_2)","decl":{"start":{"line":42,"column":12},"end":{"line":42,"column":13}},"loc":{"start":{"line":42,"column":18},"end":{"line":46,"column":3}},"line":42}},"branchMap":{"0":{"loc":{"start":{"line":4,"column":8},"end":{"line":4,"column":86}},"type":"cond-expr","locations":[{"start":{"line":4,"column":39},"end":{"line":4,"column":79}},{"start":{"line":4,"column":82},"end":{"line":4,"column":86}}],"line":4},"1":{"loc":{"start":{"line":5,"column":8},"end":{"line":5,"column":44}},"type":"binary-expr","locations":[{"start":{"line":5,"column":8},"end":{"line":5,"column":36}},{"start":{"line":5,"column":40},"end":{"line":5,"column":44}}],"line":5},"2":{"loc":{"start":{"line":6,"column":9},"end":{"line":6,"column":46}},"type":"binary-expr","locations":[{"start":{"line":6,"column":9},"end":{"line":6,"column":38}},{"start":{"line":6,"column":42},"end":{"line":6,"column":46}}],"line":6},"3":{"loc":{"start":{"line":12,"column":2},"end":{"line":36,"column":3}},"type":"switch","locations":[{"start":{"line":13,"column":4},"end":{"line":18,"column":8}},{"start":{"line":20,"column":4},"end":{"line":25,"column":8}},{"start":{"line":27,"column":4},"end":{"line":32,"column":8}},{"start":{"line":34,"column":4},"end":{"line":35,"column":19}}],"line":12}},"s":{"0":1,"1":1,"2":1,"3":0,"4":0,"5":0,"6":0,"7":0,"8":1,"9":0,"10":0,"11":0,"12":0,"13":0,"14":0},"f":{"0":0,"1":0,"2":0},"b":{"0":[0,1],"1":[1,1],"2":[1,1],"3":[0,0,0,0]},"_coverageSchema":"1a1c01bbd47fc00a2c39e90264f33305004495a9","hash":"9e6524f846ff4a2bdcc866a8c8e940df67669f4b"}
,"/Users/mz/Documents/GitHub/rehab-aid/frontend/src/pages/Contact.jsx": {"path":"/Users/mz/Documents/GitHub/rehab-aid/frontend/src/pages/Contact.jsx","statementMap":{"0":{"start":{"line":2,"column":18},"end":{"line":2,"column":45}},"1":{"start":{"line":4,"column":16},"end":{"line":55,"column":1}},"2":{"start":{"line":5,"column":2},"end":{"line":54,"column":4}}},"fnMap":{"0":{"name":"(anonymous_0)","decl":{"start":{"line":4,"column":16},"end":{"line":4,"column":17}},"loc":{"start":{"line":4,"column":22},"end":{"line":55,"column":1}},"line":4}},"branchMap":{},"s":{"0":1,"1":1,"2":1},"f":{"0":1},"b":{},"_coverageSchema":"1a1c01bbd47fc00a2c39e90264f33305004495a9","hash":"97057f0fa4e22b79f9799353751d8a312a5107ba"}
,"/Users/mz/Documents/GitHub/rehab-aid/frontend/src/pages/Login.jsx": {"path":"/Users/mz/Documents/GitHub/rehab-aid/frontend/src/pages/Login.jsx","statementMap":{"0":{"start":{"line":9,"column":14},"end":{"line":116,"column":1}},"1":{"start":{"line":10,"column":34},"end":{"line":13,"column":4}},"2":{"start":{"line":15,"column":32},"end":{"line":15,"column":47}},"3":{"start":{"line":16,"column":19},"end":{"line":16,"column":32}},"4":{"start":{"line":17,"column":23},"end":{"line":17,"column":46}},"5":{"start":{"line":19,"column":28},"end":{"line":21,"column":3}},"6":{"start":{"line":20,"column":4},"end":{"line":20,"column":66}},"7":{"start":{"line":23,"column":24},"end":{"line":60,"column":3}},"8":{"start":{"line":24,"column":4},"end":{"line":24,"column":27}},"9":{"start":{"line":25,"column":4},"end":{"line":25,"column":21}},"10":{"start":{"line":27,"column":4},"end":{"line":59,"column":5}},"11":{"start":{"line":28,"column":18},"end":{"line":34,"column":8}},"12":{"start":{"line":36,"column":21},"end":{"line":36,"column":37}},"13":{"start":{"line":38,"column":6},"end":{"line":40,"column":7}},"14":{"start":{"line":39,"column":8},"end":{"line":39,"column":40}},"15":{"start":{"line":42,"column":6},"end":{"line":49,"column":9}},"16":{"start":{"line":51,"column":6},"end":{"line":51,"column":40}},"17":{"start":{"line":53,"column":6},"end":{"line":53,"column":24}},"18":{"start":{"line":54,"column":6},"end":{"line":54,"column":36}},"19":{"start":{"line":55,"column":6},"end":{"line":55,"column":24}},"20":{"start":{"line":57,"column":6},"end":{"line":57,"column":31}},"21":{"start":{"line":58,"column":6},"end":{"line":58,"column":24}},"22":{"start":{"line":62,"column":2},"end":{"line":115,"column":4}}},"fnMap":{"0":{"name":"(anonymous_0)","decl":{"start":{"line":9,"column":14},"end":{"line":9,"column":15}},"loc":{"start":{"line":9,"column":20},"end":{"line":116,"column":1}},"line":9},"1":{"name":"(anonymous_1)","decl":{"start":{"line":19,"column":28},"end":{"line":19,"column":29}},"loc":{"start":{"line":19,"column":35},"end":{"line":21,"column":3}},"line":19},"2":{"name":"(anonymous_2)","decl":{"start":{"line":23,"column":24},"end":{"line":23,"column":25}},"loc":{"start":{"line":23,"column":41},"end":{"line":60,"column":3}},"line":23}},"branchMap":{"0":{"loc":{"start":{"line":38,"column":6},"end":{"line":40,"column":7}},"type":"if","locations":[{"start":{"line":38,"column":6},"end":{"line":40,"column":7}},{"start":{},"end":{}}],"line":38},"1":{"loc":{"start":{"line":102,"column":15},"end":{"line":102,"column":72}},"type":"cond-expr","locations":[{"start":{"line":102,"column":25},"end":{"line":102,"column":61}},{"start":{"line":102,"column":64},"end":{"line":102,"column":72}}],"line":102}},"s":{"0":1,"1":1,"2":1,"3":1,"4":1,"5":1,"6":0,"7":1,"8":0,"9":0,"10":0,"11":0,"12":0,"13":0,"14":0,"15":0,"16":0,"17":0,"18":0,"19":0,"20":0,"21":0,"22":1},"f":{"0":1,"1":0,"2":0},"b":{"0":[0,0],"1":[0,1]},"_coverageSchema":"1a1c01bbd47fc00a2c39e90264f33305004495a9","hash":"9f57b230a7e215daa23f7914968d816689368c4d"}
,"/Users/mz/Documents/GitHub/rehab-aid/frontend/src/pages/Services.jsx": {"path":"/Users/mz/Documents/GitHub/rehab-aid/frontend/src/pages/Services.jsx","statementMap":{"0":{"start":{"line":5,"column":17},"end":{"line":17,"column":1}},"1":{"start":{"line":6,"column":2},"end":{"line":16,"column":4}},"2":{"start":{"line":11,"column":12},"end":{"line":11,"column":65}}},"fnMap":{"0":{"name":"(anonymous_0)","decl":{"start":{"line":5,"column":17},"end":{"line":5,"column":18}},"loc":{"start":{"line":5,"column":23},"end":{"line":17,"column":1}},"line":5},"1":{"name":"(anonymous_1)","decl":{"start":{"line":10,"column":24},"end":{"line":10,"column":25}},"loc":{"start":{"line":11,"column":12},"end":{"line":11,"column":65}},"line":11}},"branchMap":{},"s":{"0":1,"1":1,"2":2},"f":{"0":1,"1":2},"b":{},"_coverageSchema":"1a1c01bbd47fc00a2c39e90264f33305004495a9","hash":"fb1cedcf7f34c28ed6dc78b8e5f2a5c2d07ad997"}
}
