TN:
SF:src/config.js
FNF:0
FNH:0
DA:1,1
DA:2,1
LF:2
LH:2
BRF:0
BRH:0
end_of_record
TN:
SF:src/components/services/ServiceCard.jsx
FN:5,(anonymous_0)
FNF:1
FNH:1
FNDA:2,(anonymous_0)
DA:5,1
DA:6,2
DA:8,2
LF:3
LH:3
BRF:0
BRH:0
end_of_record
TN:
SF:src/context/AuthContext.jsx
FN:11,(anonymous_0)
FN:39,(anonymous_1)
FN:42,(anonymous_2)
FNF:3
FNH:0
FNDA:0,(anonymous_0)
FNDA:0,(anonymous_1)
FNDA:0,(anonymous_2)
DA:3,1
DA:9,1
DA:11,1
DA:12,0
DA:14,0
DA:21,0
DA:28,0
DA:35,0
DA:39,1
DA:40,0
DA:42,0
DA:43,0
DA:44,0
DA:45,0
DA:48,0
LF:15
LH:4
BRDA:4,0,0,0
BRDA:4,0,1,1
BRDA:5,1,0,1
BRDA:5,1,1,1
BRDA:6,2,0,1
BRDA:6,2,1,1
BRDA:12,3,0,0
BRDA:12,3,1,0
BRDA:12,3,2,0
BRDA:12,3,3,0
BRF:10
BRH:5
end_of_record
TN:
SF:src/pages/Contact.jsx
FN:4,(anonymous_0)
FNF:1
FNH:1
FNDA:1,(anonymous_0)
DA:2,1
DA:4,1
DA:5,1
LF:3
LH:3
BRF:0
BRH:0
end_of_record
TN:
SF:src/pages/Login.jsx
FN:9,(anonymous_0)
FN:19,(anonymous_1)
FN:23,(anonymous_2)
FNF:3
FNH:1
FNDA:1,(anonymous_0)
FNDA:0,(anonymous_1)
FNDA:0,(anonymous_2)
DA:9,1
DA:10,1
DA:15,1
DA:16,1
DA:17,1
DA:19,1
DA:20,0
DA:23,1
DA:24,0
DA:25,0
DA:27,0
DA:28,0
DA:36,0
DA:38,0
DA:39,0
DA:42,0
DA:51,0
DA:53,0
DA:54,0
DA:55,0
DA:57,0
DA:58,0
DA:62,1
LF:23
LH:8
BRDA:38,0,0,0
BRDA:38,0,1,0
BRDA:102,1,0,0
BRDA:102,1,1,1
BRF:4
BRH:1
end_of_record
TN:
SF:src/pages/Services.jsx
FN:5,(anonymous_0)
FN:10,(anonymous_1)
FNF:2
FNH:2
FNDA:1,(anonymous_0)
FNDA:2,(anonymous_1)
DA:5,1
DA:6,1
DA:11,2
LF:3
LH:3
BRF:0
BRH:0
end_of_record
